<?xml version="1.0" encoding="UTF-8"?>
<testng-results skipped="0" failed="0" total="1" passed="1">
  <reporter-output>
  </reporter-output>
  <suite name="HMSTestProject.HMSTestProject.GoogleTest" duration-ms="11227" started-at="2017-07-26T10:48:51Z" finished-at="2017-07-26T10:49:02Z">
    <groups>
    </groups>
    <test name="Command line test" duration-ms="11227" started-at="2017-07-26T10:48:51Z" finished-at="2017-07-26T10:49:02Z">
      <class name="HMSTestProject.HMSTestProject.GoogleTest">
        <test-method status="PASS" signature="fn_runGoogle()[pri:0, instance:HMSTestProject.HMSTestProject.GoogleTest@aa5eb0]" name="fn_runGoogle" duration-ms="11218" started-at="2017-07-26T16:18:51Z" finished-at="2017-07-26T16:19:02Z">
          <reporter-output>
          </reporter-output>
        </test-method> <!-- fn_runGoogle -->
      </class> <!-- HMSTestProject.HMSTestProject.GoogleTest -->
    </test> <!-- Command line test -->
  </suite> <!-- HMSTestProject.HMSTestProject.GoogleTest -->
</testng-results>
