<?xml version="1.0" encoding="UTF-8"?>
<testng-results skipped="0" failed="0" total="1" passed="1">
  <reporter-output>
  </reporter-output>
  <suite name="HMSTestProject.HMSTestProject.GoogleTest" duration-ms="16576" started-at="2017-07-26T10:05:35Z" finished-at="2017-07-26T10:05:51Z">
    <groups>
    </groups>
    <test name="Command line test" duration-ms="16576" started-at="2017-07-26T10:05:35Z" finished-at="2017-07-26T10:05:51Z">
      <class name="HMSTestProject.HMSTestProject.GoogleTest">
        <test-method status="PASS" signature="fn_runGoogle()[pri:0, instance:HMSTestProject.HMSTestProject.GoogleTest@1969fbe]" name="fn_runGoogle" duration-ms="16567" started-at="2017-07-26T15:35:35Z" finished-at="2017-07-26T15:35:51Z">
          <reporter-output>
          </reporter-output>
        </test-method> <!-- fn_runGoogle -->
      </class> <!-- HMSTestProject.HMSTestProject.GoogleTest -->
    </test> <!-- Command line test -->
  </suite> <!-- HMSTestProject.HMSTestProject.GoogleTest -->
</testng-results>
