<?xml version="1.0" encoding="UTF-8"?>
<testng-results skipped="0" failed="0" total="1" passed="1">
  <reporter-output>
  </reporter-output>
  <suite name="Default suite" duration-ms="11515" started-at="2017-07-26T10:21:30Z" finished-at="2017-07-26T10:21:42Z">
    <groups>
    </groups>
    <test name="Default test" duration-ms="11515" started-at="2017-07-26T10:21:30Z" finished-at="2017-07-26T10:21:42Z">
      <class name="HMSTestProject.HMSTestProject.GoogleTest">
        <test-method status="PASS" signature="fn_runGoogle()[pri:0, instance:HMSTestProject.HMSTestProject.GoogleTest@3b1d11]" name="fn_runGoogle" duration-ms="11505" started-at="2017-07-26T15:51:30Z" finished-at="2017-07-26T15:51:42Z">
          <reporter-output>
          </reporter-output>
        </test-method> <!-- fn_runGoogle -->
      </class> <!-- HMSTestProject.HMSTestProject.GoogleTest -->
    </test> <!-- Default test -->
  </suite> <!-- Default suite -->
</testng-results>
